<?xml version="1.0" encoding="UTF-8" ?>
<testsuite tests="12" failures="0" name="TestSuite" time="9.16" errors="0" skipped="0">
  <properties>
    <property name="java.runtime.name" value="Java(TM) SE Runtime Environment"/>
    <property name="sun.boot.library.path" value="C:\Program Files\Java\jdk1.8.0_191\jre\bin"/>
    <property name="java.vm.version" value="25.191-b12"/>
    <property name="java.vm.vendor" value="Oracle Corporation"/>
    <property name="java.vendor.url" value="http://java.oracle.com/"/>
    <property name="path.separator" value=";"/>
    <property name="java.vm.name" value="Java HotSpot(TM) 64-Bit Server VM"/>
    <property name="file.encoding.pkg" value="sun.io"/>
    <property name="user.script" value=""/>
    <property name="user.country" value="IN"/>
    <property name="sun.java.launcher" value="SUN_STANDARD"/>
    <property name="sun.os.patch.level" value=""/>
    <property name="java.vm.specification.name" value="Java Virtual Machine Specification"/>
    <property name="user.dir" value="C:\Users\sarthak.garg\IdeaProjects\agoda"/>
    <property name="java.runtime.version" value="1.8.0_191-b12"/>
    <property name="java.awt.graphicsenv" value="sun.awt.Win32GraphicsEnvironment"/>
    <property name="basedir" value="C:\Users\sarthak.garg\IdeaProjects\agoda"/>
    <property name="java.endorsed.dirs" value="C:\Program Files\Java\jdk1.8.0_191\jre\lib\endorsed"/>
    <property name="os.arch" value="amd64"/>
    <property name="surefire.real.class.path" value="C:\Users\SARTHA~1.GAR\AppData\Local\Temp\surefirebooter3284469365413061325.jar"/>
    <property name="java.io.tmpdir" value="C:\Users\SARTHA~1.GAR\AppData\Local\Temp\"/>
    <property name="line.separator" value="
"/>
    <property name="java.vm.specification.vendor" value="Oracle Corporation"/>
    <property name="user.variant" value=""/>
    <property name="os.name" value="Windows 10"/>
    <property name="sun.jnu.encoding" value="Cp1252"/>
    <property name="java.library.path" value="C:\Program Files\Java\jdk1.8.0_191\jre\bin;C:\Windows\Sun\Java\bin;C:\Windows\system32;C:\Windows;C:\Program Files (x86)\Common Files\Oracle\Java\javapath;C:\Windows\system32;C:\Windows;C:\Windows\System32\Wbem;C:\Windows\System32\WindowsPowerShell\v1.0\;C:\Windows\System32\OpenSSH\;C:\Program Files\Java\jdk1.8.0_191\bin;C:\apache-maven-3.6.0\bin;c:\Program Files\nodejs\;C:\Program Files\Intel\WiFi\bin\;C:\Program Files\Common Files\Intel\WirelessCommon\;C:\Go\bin;C:\Users\sarthak.garg\AppData\Local\Android\Sdk\tools;C:\Users\sarthak.garg\AppData\Local\Android\Sdk\tools\bin;C:\Users\sarthak.garg\AppData\Local\Android\Sdk\platform-tools;D:\work@sarthak\software\allure-2.13.2\bin;C:\Program Files (x86)\Intel\Intel(R) Management Engine Components\DAL;C:\Program Files\Intel\Intel(R) Management Engine Components\DAL;C:\Users\sarthak.garg\AppData\Local\Microsoft\WindowsApps;C:\Users\sarthak.garg\AppData\Local\Programs\Git\cmd;c:\Users\sarthak.garg\AppData\Roaming\npm;C:\Users\sarthak.garg\AppData\Local\Programs\Fiddler;C:\Users\sarthak.garg\go\bin;."/>
    <property name="TestingType" value="smoke"/>
    <property name="surefire.test.class.path" value="C:\Users\sarthak.garg\IdeaProjects\agoda\target\test-classes;C:\Users\sarthak.garg\IdeaProjects\agoda\target\classes;C:\Users\sarthak.garg\.m2\repository\junit\junit\4.11\junit-4.11.jar;C:\Users\sarthak.garg\.m2\repository\org\hamcrest\hamcrest-core\1.3\hamcrest-core-1.3.jar;C:\Users\sarthak.garg\.m2\repository\org\slf4j\slf4j-api\1.7.7\slf4j-api-1.7.7.jar;C:\Users\sarthak.garg\.m2\repository\org\slf4j\slf4j-log4j12\1.7.7\slf4j-log4j12-1.7.7.jar;C:\Users\sarthak.garg\.m2\repository\log4j\log4j\1.2.17\log4j-1.2.17.jar;C:\Users\sarthak.garg\.m2\repository\org\testng\testng\6.8\testng-6.8.jar;C:\Users\sarthak.garg\.m2\repository\org\beanshell\bsh\2.0b4\bsh-2.0b4.jar;C:\Users\sarthak.garg\.m2\repository\com\beust\jcommander\1.27\jcommander-1.27.jar;C:\Users\sarthak.garg\.m2\repository\org\yaml\snakeyaml\1.6\snakeyaml-1.6.jar;C:\Users\sarthak.garg\.m2\repository\org\apache\httpcomponents\httpclient\4.5.3\httpclient-4.5.3.jar;C:\Users\sarthak.garg\.m2\repository\commons-logging\commons-logging\1.2\commons-logging-1.2.jar;C:\Users\sarthak.garg\.m2\repository\commons-codec\commons-codec\1.9\commons-codec-1.9.jar;C:\Users\sarthak.garg\.m2\repository\org\apache\httpcomponents\httpcore\4.4.6\httpcore-4.4.6.jar;C:\Users\sarthak.garg\.m2\repository\org\apache\httpcomponents\httpmime\4.3.1\httpmime-4.3.1.jar;C:\Users\sarthak.garg\.m2\repository\com\jayway\jsonpath\json-path\2.2.0\json-path-2.2.0.jar;C:\Users\sarthak.garg\.m2\repository\net\minidev\json-smart\2.2.1\json-smart-2.2.1.jar;C:\Users\sarthak.garg\.m2\repository\net\minidev\accessors-smart\1.1\accessors-smart-1.1.jar;C:\Users\sarthak.garg\.m2\repository\org\ow2\asm\asm\5.0.3\asm-5.0.3.jar;C:\Users\sarthak.garg\.m2\repository\com\relevantcodes\extentreports\2.41.0\extentreports-2.41.0.jar;C:\Users\sarthak.garg\.m2\repository\org\jsoup\jsoup\1.8.3\jsoup-1.8.3.jar;C:\Users\sarthak.garg\.m2\repository\org\xerial\sqlite-jdbc\3.8.11.1\sqlite-jdbc-3.8.11.1.jar;C:\Users\sarthak.garg\.m2\repository\org\freemarker\freemarker\2.3.23\freemarker-2.3.23.jar;C:\Users\sarthak.garg\.m2\repository\org\mongodb\mongodb-driver\3.0.4\mongodb-driver-3.0.4.jar;C:\Users\sarthak.garg\.m2\repository\org\mongodb\bson\3.0.4\bson-3.0.4.jar;C:\Users\sarthak.garg\.m2\repository\org\mongodb\mongodb-driver-core\3.0.4\mongodb-driver-core-3.0.4.jar;C:\Users\sarthak.garg\.m2\repository\org\apache\commons\commons-configuration2\2.1.1\commons-configuration2-2.1.1.jar;C:\Users\sarthak.garg\.m2\repository\org\apache\commons\commons-lang3\3.3.2\commons-lang3-3.3.2.jar;C:\Users\sarthak.garg\.m2\repository\commons-beanutils\commons-beanutils\1.9.3\commons-beanutils-1.9.3.jar;C:\Users\sarthak.garg\.m2\repository\commons-collections\commons-collections\3.2.2\commons-collections-3.2.2.jar;C:\Users\sarthak.garg\.m2\repository\mysql\mysql-connector-java\8.0.20\mysql-connector-java-8.0.20.jar;C:\Users\sarthak.garg\.m2\repository\com\google\protobuf\protobuf-java\3.6.1\protobuf-java-3.6.1.jar;C:\Users\sarthak.garg\.m2\repository\org\apache\poi\poi\3.16\poi-3.16.jar;C:\Users\sarthak.garg\.m2\repository\org\apache\commons\commons-collections4\4.1\commons-collections4-4.1.jar;C:\Users\sarthak.garg\.m2\repository\org\apache\poi\poi-ooxml\3.16\poi-ooxml-3.16.jar;C:\Users\sarthak.garg\.m2\repository\org\apache\poi\poi-ooxml-schemas\3.16\poi-ooxml-schemas-3.16.jar;C:\Users\sarthak.garg\.m2\repository\org\apache\xmlbeans\xmlbeans\2.6.0\xmlbeans-2.6.0.jar;C:\Users\sarthak.garg\.m2\repository\stax\stax-api\1.0.1\stax-api-1.0.1.jar;C:\Users\sarthak.garg\.m2\repository\com\github\virtuald\curvesapi\1.04\curvesapi-1.04.jar;C:\Users\sarthak.garg\.m2\repository\org\json\json\20170516\json-20170516.jar;"/>
    <property name="java.specification.name" value="Java Platform API Specification"/>
    <property name="java.class.version" value="52.0"/>
    <property name="sun.management.compiler" value="HotSpot 64-Bit Tiered Compilers"/>
    <property name="os.version" value="10.0"/>
    <property name="user.home" value="C:\Users\sarthak.garg"/>
    <property name="user.timezone" value="Asia/Calcutta"/>
    <property name="java.awt.printerjob" value="sun.awt.windows.WPrinterJob"/>
    <property name="java.specification.version" value="1.8"/>
    <property name="file.encoding" value="Cp1252"/>
    <property name="user.name" value="sarthak.garg"/>
    <property name="java.class.path" value="C:\Users\sarthak.garg\IdeaProjects\agoda\target\test-classes;C:\Users\sarthak.garg\IdeaProjects\agoda\target\classes;C:\Users\sarthak.garg\.m2\repository\junit\junit\4.11\junit-4.11.jar;C:\Users\sarthak.garg\.m2\repository\org\hamcrest\hamcrest-core\1.3\hamcrest-core-1.3.jar;C:\Users\sarthak.garg\.m2\repository\org\slf4j\slf4j-api\1.7.7\slf4j-api-1.7.7.jar;C:\Users\sarthak.garg\.m2\repository\org\slf4j\slf4j-log4j12\1.7.7\slf4j-log4j12-1.7.7.jar;C:\Users\sarthak.garg\.m2\repository\log4j\log4j\1.2.17\log4j-1.2.17.jar;C:\Users\sarthak.garg\.m2\repository\org\testng\testng\6.8\testng-6.8.jar;C:\Users\sarthak.garg\.m2\repository\org\beanshell\bsh\2.0b4\bsh-2.0b4.jar;C:\Users\sarthak.garg\.m2\repository\com\beust\jcommander\1.27\jcommander-1.27.jar;C:\Users\sarthak.garg\.m2\repository\org\yaml\snakeyaml\1.6\snakeyaml-1.6.jar;C:\Users\sarthak.garg\.m2\repository\org\apache\httpcomponents\httpclient\4.5.3\httpclient-4.5.3.jar;C:\Users\sarthak.garg\.m2\repository\commons-logging\commons-logging\1.2\commons-logging-1.2.jar;C:\Users\sarthak.garg\.m2\repository\commons-codec\commons-codec\1.9\commons-codec-1.9.jar;C:\Users\sarthak.garg\.m2\repository\org\apache\httpcomponents\httpcore\4.4.6\httpcore-4.4.6.jar;C:\Users\sarthak.garg\.m2\repository\org\apache\httpcomponents\httpmime\4.3.1\httpmime-4.3.1.jar;C:\Users\sarthak.garg\.m2\repository\com\jayway\jsonpath\json-path\2.2.0\json-path-2.2.0.jar;C:\Users\sarthak.garg\.m2\repository\net\minidev\json-smart\2.2.1\json-smart-2.2.1.jar;C:\Users\sarthak.garg\.m2\repository\net\minidev\accessors-smart\1.1\accessors-smart-1.1.jar;C:\Users\sarthak.garg\.m2\repository\org\ow2\asm\asm\5.0.3\asm-5.0.3.jar;C:\Users\sarthak.garg\.m2\repository\com\relevantcodes\extentreports\2.41.0\extentreports-2.41.0.jar;C:\Users\sarthak.garg\.m2\repository\org\jsoup\jsoup\1.8.3\jsoup-1.8.3.jar;C:\Users\sarthak.garg\.m2\repository\org\xerial\sqlite-jdbc\3.8.11.1\sqlite-jdbc-3.8.11.1.jar;C:\Users\sarthak.garg\.m2\repository\org\freemarker\freemarker\2.3.23\freemarker-2.3.23.jar;C:\Users\sarthak.garg\.m2\repository\org\mongodb\mongodb-driver\3.0.4\mongodb-driver-3.0.4.jar;C:\Users\sarthak.garg\.m2\repository\org\mongodb\bson\3.0.4\bson-3.0.4.jar;C:\Users\sarthak.garg\.m2\repository\org\mongodb\mongodb-driver-core\3.0.4\mongodb-driver-core-3.0.4.jar;C:\Users\sarthak.garg\.m2\repository\org\apache\commons\commons-configuration2\2.1.1\commons-configuration2-2.1.1.jar;C:\Users\sarthak.garg\.m2\repository\org\apache\commons\commons-lang3\3.3.2\commons-lang3-3.3.2.jar;C:\Users\sarthak.garg\.m2\repository\commons-beanutils\commons-beanutils\1.9.3\commons-beanutils-1.9.3.jar;C:\Users\sarthak.garg\.m2\repository\commons-collections\commons-collections\3.2.2\commons-collections-3.2.2.jar;C:\Users\sarthak.garg\.m2\repository\mysql\mysql-connector-java\8.0.20\mysql-connector-java-8.0.20.jar;C:\Users\sarthak.garg\.m2\repository\com\google\protobuf\protobuf-java\3.6.1\protobuf-java-3.6.1.jar;C:\Users\sarthak.garg\.m2\repository\org\apache\poi\poi\3.16\poi-3.16.jar;C:\Users\sarthak.garg\.m2\repository\org\apache\commons\commons-collections4\4.1\commons-collections4-4.1.jar;C:\Users\sarthak.garg\.m2\repository\org\apache\poi\poi-ooxml\3.16\poi-ooxml-3.16.jar;C:\Users\sarthak.garg\.m2\repository\org\apache\poi\poi-ooxml-schemas\3.16\poi-ooxml-schemas-3.16.jar;C:\Users\sarthak.garg\.m2\repository\org\apache\xmlbeans\xmlbeans\2.6.0\xmlbeans-2.6.0.jar;C:\Users\sarthak.garg\.m2\repository\stax\stax-api\1.0.1\stax-api-1.0.1.jar;C:\Users\sarthak.garg\.m2\repository\com\github\virtuald\curvesapi\1.04\curvesapi-1.04.jar;C:\Users\sarthak.garg\.m2\repository\org\json\json\20170516\json-20170516.jar;"/>
    <property name="java.vm.specification.version" value="1.8"/>
    <property name="sun.arch.data.model" value="64"/>
    <property name="java.home" value="C:\Program Files\Java\jdk1.8.0_191\jre"/>
    <property name="sun.java.command" value="C:\Users\SARTHA~1.GAR\AppData\Local\Temp\surefirebooter3284469365413061325.jar C:\Users\SARTHA~1.GAR\AppData\Local\Temp\surefire1235238176241889450tmp C:\Users\SARTHA~1.GAR\AppData\Local\Temp\surefire8234293166083735574tmp"/>
    <property name="java.specification.vendor" value="Oracle Corporation"/>
    <property name="user.language" value="en"/>
    <property name="awt.toolkit" value="sun.awt.windows.WToolkit"/>
    <property name="java.vm.info" value="mixed mode"/>
    <property name="java.version" value="1.8.0_191"/>
    <property name="java.ext.dirs" value="C:\Program Files\Java\jdk1.8.0_191\jre\lib\ext;C:\Windows\Sun\Java\lib\ext"/>
    <property name="sun.boot.class.path" value="C:\Program Files\Java\jdk1.8.0_191\jre\lib\resources.jar;C:\Program Files\Java\jdk1.8.0_191\jre\lib\rt.jar;C:\Program Files\Java\jdk1.8.0_191\jre\lib\sunrsasign.jar;C:\Program Files\Java\jdk1.8.0_191\jre\lib\jsse.jar;C:\Program Files\Java\jdk1.8.0_191\jre\lib\jce.jar;C:\Program Files\Java\jdk1.8.0_191\jre\lib\charsets.jar;C:\Program Files\Java\jdk1.8.0_191\jre\lib\jfr.jar;C:\Program Files\Java\jdk1.8.0_191\jre\classes"/>
    <property name="java.vendor" value="Oracle Corporation"/>
    <property name="localRepository" value="C:\Users\sarthak.garg\.m2\repository"/>
    <property name="file.separator" value="\"/>
    <property name="Environment" value="test"/>
    <property name="org.uncommons.reportng.coverage-report" value="C:\Users\sarthak.garg\IdeaProjects\agoda\target/surefire-reports/"/>
    <property name="java.vendor.url.bug" value="http://bugreport.sun.com/bugreport/"/>
    <property name="sun.cpu.endian" value="little"/>
    <property name="sun.io.unicode.encoding" value="UnicodeLittle"/>
    <property name="sun.desktop" value="windows"/>
    <property name="sun.cpu.isalist" value="amd64"/>
  </properties>
  <testcase classname="com.apiautomation.testcases.SearchQuote" name="TC" time="1.864"/>
  <testcase classname="com.apiautomation.testcases.SearchQuote" name="TC" time="0.338"/>
  <testcase classname="com.apiautomation.testcases.SearchQuote" name="TC" time="0.317"/>
  <testcase classname="com.apiautomation.testcases.SearchQuote" name="TC" time="0.385"/>
  <testcase classname="com.apiautomation.testcases.SearchQuote" name="TC" time="0.314"/>
  <testcase classname="com.apiautomation.testcases.SearchQuote" name="TC" time="0.299"/>
  <testcase classname="com.apiautomation.testcases.SearchQuote" name="TC" time="0.305"/>
  <testcase classname="com.apiautomation.testcases.SearchQuote" name="TC" time="0.581"/>
  <testcase classname="com.apiautomation.testcases.SearchQuote" name="TC" time="0.298"/>
  <testcase classname="com.apiautomation.testcases.SearchQuote" name="TC" time="0.348"/>
  <testcase classname="com.apiautomation.testcases.SearchQuote" name="TC" time="0.332"/>
  <testcase classname="com.apiautomation.testcases.SearchQuote" name="TC" time="0.387"/>
</testsuite>